5 2
real 0.22
user 0.17
sys 0.05
real 0.21
user 0.16
sys 0.06
real 0.21
user 0.18
sys 0.02
real 0.22
user 0.18
sys 0.05
real 0.21
user 0.17
sys 0.05
real 0.21
user 0.19
sys 0.04
5 3
real 0.25
user 0.22
sys 0.03
real 0.30
user 0.25
sys 0.04
real 0.25
user 0.20
sys 0.03
real 0.28
user 0.25
sys 0.03
real 0.27
user 0.22
sys 0.07
real 0.24
user 0.21
sys 0.04
5 4
real 0.30
user 0.23
sys 0.07
real 0.28
user 0.21
sys 0.05
real 0.29
user 0.25
sys 0.04
real 0.30
user 0.24
sys 0.06
real 0.29
user 0.27
sys 0.02
real 0.31
user 0.31
sys 0.02
5 5
real 0.36
user 0.31
sys 0.05
real 0.38
user 0.31
sys 0.07
real 0.34
user 0.29
sys 0.06
real 0.36
user 0.35
sys 0.04
real 0.35
user 0.29
sys 0.04
real 0.35
user 0.34
sys 0.03
10 2
real 0.28
user 0.22
sys 0.07
real 0.30
user 0.25
sys 0.06
real 0.27
user 0.20
sys 0.09
real 0.27
user 0.21
sys 0.06
real 0.28
user 0.21
sys 0.07
real 0.32
user 0.27
sys 0.06
10 3
real 0.42
user 0.32
sys 0.11
real 0.38
user 0.35
sys 0.04
real 0.39
user 0.32
sys 0.05
real 0.41
user 0.36
sys 0.05
real 0.39
user 0.33
sys 0.05
real 0.42
user 0.35
sys 0.07
10 4
real 0.56
user 0.51
sys 0.04
real 0.55
user 0.51
sys 0.04
real 0.59
user 0.55
sys 0.04
real 0.57
user 0.52
sys 0.06
real 0.56
user 0.52
sys 0.03
real 0.57
user 0.54
sys 0.03
10 5
real 0.88
user 0.82
sys 0.05
real 0.77
user 0.81
sys 0.04
real 0.79
user 0.79
sys 0.06
real 0.82
user 0.77
sys 0.08
real 0.81
user 0.77
sys 0.08
real 0.81
user 0.76
sys 0.06
15 2
real 0.38
user 0.30
sys 0.10
real 0.37
user 0.36
sys 0.02
real 0.38
user 0.31
sys 0.07
real 0.39
user 0.37
sys 0.00
real 0.37
user 0.31
sys 0.05
real 0.43
user 0.37
sys 0.08
15 3
real 0.77
user 0.59
sys 0.07
real 0.61
user 0.59
sys 0.05
real 0.60
user 0.58
sys 0.08
real 0.62
user 0.60
sys 0.03
real 0.67
user 0.62
sys 0.04
real 0.65
user 0.60
sys 0.05
15 4
real 1.04
user 1.09
sys 0.03
real 1.04
user 1.08
sys 0.04
real 1.06
user 1.03
sys 0.07
real 1.04
user 0.98
sys 0.10
real 1.06
user 1.08
sys 0.05
real 1.14
user 1.09
sys 0.05
15 5
real 1.78
user 1.81
sys 0.05
real 1.78
user 1.81
sys 0.06
real 1.81
user 1.79
sys 0.08
real 1.78
user 1.76
sys 0.10
real 1.81
user 1.79
sys 0.07
real 1.86
user 1.79
sys 0.07
20 2
real 0.58
user 0.51
sys 0.07
real 0.57
user 0.51
sys 0.04
real 0.59
user 0.54
sys 0.06
real 0.53
user 0.52
sys 0.03
real 0.59
user 0.58
sys 0.02
real 0.55
user 0.52
sys 0.02
20 3
real 1.03
user 1.09
sys 0.01
real 1.12
user 1.07
sys 0.06
real 1.03
user 1.04
sys 0.07
real 1.03
user 1.06
sys 0.04
real 1.11
user 1.09
sys 0.05
real 1.14
user 1.04
sys 0.07
20 4
real 1.99
user 2.00
sys 0.06
real 1.98
user 1.95
sys 0.11
real 1.99
user 1.94
sys 0.13
real 2.15
user 2.06
sys 0.04
real 2.03
user 2.01
sys 0.10
real 2.08
user 2.02
sys 0.08
20 5
real 3.58
user 3.56
sys 0.07
real 3.60
user 3.63
sys 0.04
real 3.62
user 3.59
sys 0.11
real 3.69
user 3.50
sys 0.17
real 3.60
user 3.62
sys 0.06
real 3.60
user 3.57
sys 0.08
25 2
real 0.79
user 0.79
sys 0.04
real 0.83
user 0.79
sys 0.10
real 0.86
user 0.79
sys 0.05
real 0.76
user 0.79
sys 0.06
real 0.76
user 0.79
sys 0.03
real 0.85
user 0.79
sys 0.05
25 3
real 1.75
user 1.73
sys 0.10
real 1.75
user 1.74
sys 0.09
real 1.90
user 1.68
sys 0.09
real 1.77
user 1.79
sys 0.04
real 1.72
user 1.79
sys 0.01
real 1.75
user 1.74
sys 0.09
25 4
real 3.80
user 3.68
sys 0.12
real 3.67
user 3.65
sys 0.08
real 3.67
user 3.64
sys 0.09
real 3.60
user 3.54
sys 0.12
real 3.74
user 3.67
sys 0.04
real 3.59
user 3.61
sys 0.05
25 5
real 6.70
user 6.64
sys 0.13
real 6.70
user 6.63
sys 0.13
real 6.70
user 6.65
sys 0.10
real 6.71
user 6.66
sys 0.13
real 6.79
user 6.60
sys 0.20
real 6.77
user 6.70
sys 0.11
30 2
real 1.13
user 1.17
sys 0.06
real 1.23
user 1.15
sys 0.06
real 1.14
user 1.11
sys 0.10
real 1.13
user 1.18
sys 0.02
real 1.14
user 1.15
sys 0.05
real 1.12
user 1.16
sys 0.02
30 3
real 2.82
user 2.80
sys 0.08
real 2.82
user 2.78
sys 0.11
real 2.81
user 2.83
sys 0.07
real 2.82
user 2.84
sys 0.02
real 2.83
user 2.81
sys 0.10
real 2.87
user 2.86
sys 0.05
30 4
real 6.15
user 6.12
sys 0.09
real 6.04
user 6.00
sys 0.11
real 6.18
user 6.05
sys 0.12
real 6.21
user 6.07
sys 0.05
real 6.15
user 6.14
sys 0.05
real 6.07
user 6.00
sys 0.14
30 5
real 11.96
user 11.71
sys 0.14
real 11.85
user 11.75
sys 0.13
real 11.95
user 11.85
sys 0.13
real 12.37
user 11.70
sys 0.15
real 11.79
user 11.73
sys 0.13
real 11.90
user 11.75
sys 0.15
35 2
real 2.01
user 1.65
sys 0.05
real 1.65
user 1.64
sys 0.09
real 1.66
user 1.67
sys 0.06
real 1.66
user 1.63
sys 0.10
real 1.64
user 1.67
sys 0.06
real 1.74
user 1.65
sys 0.05
35 3
real 4.51
user 4.40
sys 0.09
real 4.40
user 4.41
sys 0.06
real 4.43
user 4.39
sys 0.12
real 4.47
user 4.38
sys 0.09
real 4.38
user 4.36
sys 0.09
real 4.40
user 4.35
sys 0.09
35 4
real 10.35
user 10.23
sys 0.12
real 10.50
user 10.36
sys 0.13
real 9.88
user 9.80
sys 0.12
real 9.83
user 9.68
sys 0.18
real 10.35
user 9.79
sys 0.14
real 9.86
user 9.72
sys 0.16
35 5
real 19.86
user 19.77
sys 0.15
real 20.28
user 20.17
sys 0.12
real 19.70
user 19.55
sys 0.19
real 19.83
user 19.69
sys 0.21
real 19.79
user 19.69
sys 0.18
real 20.38
user 19.78
sys 0.16
40 2
real 2.35
user 2.35
sys 0.06
real 2.45
user 2.41
sys 0.14
real 2.50
user 2.34
sys 0.04
real 2.37
user 2.32
sys 0.10
real 2.33
user 2.37
sys 0.04
real 2.47
user 2.41
sys 0.05
40 3
real 6.60
user 6.51
sys 0.15
real 6.57
user 6.49
sys 0.13
real 6.74
user 6.62
sys 0.09
real 6.62
user 6.51
sys 0.16
real 6.66
user 6.66
sys 0.08
real 6.61
user 6.51
sys 0.14
40 4
real 15.42
user 15.18
sys 0.24
real 15.48
user 15.30
sys 0.14
real 15.41
user 15.27
sys 0.19
real 15.58
user 15.32
sys 0.18
real 15.57
user 15.40
sys 0.13
real 15.34
user 15.26
sys 0.15
40 5
real 32.07
user 31.87
sys 0.26
real 32.67
user 32.21
sys 0.30
real 32.69
user 32.47
sys 0.28
real 31.92
user 31.77
sys 0.22
real 32.20
user 32.04
sys 0.15
real 31.92
user 31.62
sys 0.18
45 2
real 3.28
user 3.27
sys 0.11
real 3.25
user 3.15
sys 0.13
real 3.27
user 3.29
sys 0.06
real 3.35
user 3.32
sys 0.09
real 3.29
user 3.32
sys 0.04
real 3.25
user 3.22
sys 0.09
45 3
real 9.72
user 9.66
sys 0.12
real 9.74
user 9.58
sys 0.17
real 9.82
user 9.72
sys 0.11
real 9.61
user 9.53
sys 0.14
real 9.76
user 9.67
sys 0.15
real 9.77
user 9.65
sys 0.17
45 4
real 23.90
user 23.73
sys 0.23
real 23.57
user 23.39
sys 0.25
real 24.59
user 23.49
sys 0.28
real 24.11
user 23.90
sys 0.13
real 24.65
user 23.96
sys 0.19
real 24.19
user 23.60
sys 0.17
45 5
real 52.03
user 51.84
sys 0.20
real 50.95
user 50.73
sys 0.29
real 51.35
user 51.00
sys 0.25
real 51.85
user 51.59
sys 0.36
real 52.54
user 52.13
sys 0.37
real 51.28
user 50.80
sys 0.33
50 2
real 4.45
user 4.48
sys 0.05
real 4.43
user 4.41
sys 0.10
real 4.45
user 4.45
sys 0.09
real 5.02
user 4.40
sys 0.15
real 4.56
user 4.43
sys 0.11
real 4.48
user 4.42
sys 0.12
50 3
real 14.19
user 14.03
sys 0.17
real 14.17
user 14.05
sys 0.15
real 14.19
user 14.04
sys 0.16
real 14.20
user 14.14
sys 0.14
real 13.96
user 13.91
sys 0.13
real 14.11
user 13.96
sys 0.15
50 4
real 35.25
user 35.02
sys 0.26
real 35.11
user 34.87
sys 0.27
real 35.69
user 34.89
sys 0.25
real 36.16
user 35.33
sys 0.32
real 35.04
user 34.77
sys 0.28
real 35.13
user 34.94
sys 0.22
50 5
real 80.18
user 79.68
sys 0.39
real 80.76
user 80.43
sys 0.38
real 81.94
user 80.95
sys 0.41
real 79.11
user 78.68
sys 0.37
real 78.87
user 78.26
sys 0.29
real 79.31
user 78.95
sys 0.33
55 2
real 6.48
user 5.88
sys 0.14
real 5.94
user 5.88
sys 0.13
real 5.97
user 5.92
sys 0.11
real 5.98
user 5.91
sys 0.14
real 6.02
user 6.02
sys 0.08
real 6.17
user 6.14
sys 0.11
55 3
real 19.36
user 19.09
sys 0.23
real 18.99
user 18.83
sys 0.21
real 19.30
user 19.11
sys 0.18
real 18.86
user 18.66
sys 0.23
real 19.10
user 19.03
sys 0.12
real 19.20
user 19.02
sys 0.21
55 4
real 52.03
user 51.70
sys 0.38
real 51.82
user 51.25
sys 0.44
real 51.95
user 51.56
sys 0.43
real 52.67
user 52.35
sys 0.36
real 52.56
user 52.02
sys 0.46
real 52.57
user 52.32
sys 0.31
55 5
real 122.74
user 122.14
sys 0.51
real 123.54
user 122.80
sys 0.63
real 124.29
user 123.44
sys 0.58
real 124.32
user 123.74
sys 0.53
real 123.34
user 122.50
sys 0.58
real 122.69
user 122.20
sys 0.44
60 2
real 8.05
user 7.90
sys 0.17
real 8.12
user 7.96
sys 0.12
real 7.94
user 7.84
sys 0.12
real 8.18
user 8.13
sys 0.12
real 8.06
user 7.92
sys 0.11
real 7.90
user 7.84
sys 0.09
60 3
real 26.68
user 26.50
sys 0.19
real 26.68
user 26.36
sys 0.29
real 26.80
user 26.56
sys 0.23
real 26.46
user 26.18
sys 0.28
real 26.85
user 26.60
sys 0.34
real 26.65
user 26.35
sys 0.23
60 4
real 75.53
user 74.96
sys 0.49
real 76.79
user 75.16
sys 0.49
real 76.54
user 74.86
sys 0.52
real 76.20
user 75.74
sys 0.39
real 75.44
user 75.10
sys 0.31
real 76.28
user 75.34
sys 0.46
60 5
real 183.64
user 182.99
sys 0.66
real 187.40
user 186.52
sys 0.65
real 185.46
user 184.88
sys 0.52
real 185.46
user 184.68
sys 0.79
real 185.43
user 184.61
sys 0.58
real 185.22
user 184.47
sys 0.69
65 2
real 10.56
user 10.41
sys 0.15
real 10.84
user 10.66
sys 0.15
real 10.55
user 10.37
sys 0.26
real 10.47
user 10.29
sys 0.17
real 11.01
user 10.53
sys 0.14
real 10.50
user 10.37
sys 0.20
65 3
real 36.94
user 36.77
sys 0.20
real 36.63
user 36.43
sys 0.27
real 36.70
user 36.43
sys 0.23
real 36.76
user 36.41
sys 0.37
real 37.32
user 36.89
sys 0.35
real 37.20
user 36.80
sys 0.35
65 4
real 108.91
user 108.04
sys 0.41
real 107.92
user 107.00
sys 0.64
real 105.95
user 104.74
sys 0.57
real 106.77
user 105.77
sys 0.56
real 105.85
user 104.75
sys 0.59
real 108.60
user 107.89
sys 0.58
65 5
real 264.22
user 262.75
sys 1.12
real 264.53
user 263.85
sys 0.76
real 262.77
user 261.77
sys 0.83
real 262.64
user 261.74
sys 0.84
real 264.12
user 263.27
sys 0.90
real 264.77
user 264.01
sys 0.84
70 2
real 13.97
user 13.78
sys 0.17
real 13.72
user 13.60
sys 0.16
real 14.36
user 13.58
sys 0.21
real 13.59
user 13.47
sys 0.18
real 14.03
user 13.27
sys 0.20
real 13.81
user 13.51
sys 0.20
70 3
real 50.57
user 50.13
sys 0.42
real 50.80
user 49.79
sys 0.42
real 50.67
user 50.23
sys 0.39
real 50.47
user 50.22
sys 0.28
real 50.19
user 49.87
sys 0.31
real 50.48
user 50.14
sys 0.30
70 4
real 151.34
user 150.21
sys 0.65
real 150.86
user 150.16
sys 0.63
real 151.04
user 149.77
sys 1.03
real 150.45
user 149.68
sys 0.72
real 150.42
user 149.56
sys 0.67
real 151.15
user 150.10
sys 0.68
70 5
real 367.21
user 365.56
sys 1.03
real 366.12
user 364.23
sys 1.19
real 363.89
user 362.70
sys 1.21
real 365.25
user 363.64
sys 1.35
real 365.10
user 363.06
sys 1.08
real 366.23
user 365.00
sys 1.18
75 2
real 17.65
user 17.47
sys 0.23
real 17.98
user 17.79
sys 0.18
real 18.29
user 18.08
sys 0.26
real 17.74
user 17.57
sys 0.27
real 18.25
user 18.05
sys 0.18
real 17.74
user 17.53
sys 0.26
75 3
real 67.44
user 66.90
sys 0.51
real 66.82
user 66.31
sys 0.38
real 66.63
user 66.04
sys 0.56
real 67.21
user 66.83
sys 0.46
real 67.68
user 66.82
sys 0.37
real 66.47
user 65.98
sys 0.48
75 4
real 206.90
user 205.49
sys 1.00
real 205.79
user 204.83
sys 0.92
real 206.16
user 205.28
sys 0.82
real 206.19
user 205.50
sys 0.61
real 207.16
user 205.84
sys 1.04
real 206.51
user 205.53
sys 0.89
75 5
real 485.21
user 483.72
sys 1.31
real 484.49
user 483.05
sys 1.26
real 490.77
user 489.25
sys 1.30
real 487.67
user 485.13
sys 1.32
real 480.43
user 478.74
sys 1.45
real 481.03
user 479.74
sys 1.37
80 2
real 22.94
user 22.70
sys 0.29
real 22.85
user 22.57
sys 0.29
real 23.34
user 23.14
sys 0.18
real 22.72
user 22.47
sys 0.23
real 23.08
user 22.85
sys 0.30
real 22.94
user 22.48
sys 0.34
80 3
real 89.91
user 89.34
sys 0.47
real 88.12
user 86.87
sys 0.65
real 88.37
user 87.71
sys 0.54
real 89.39
user 88.86
sys 0.44
real 87.82
user 87.29
sys 0.55
real 87.98
user 87.32
sys 0.58
80 4
real 270.52
user 268.71
sys 1.29
real 267.83
user 266.50
sys 1.09
real 268.03
user 266.78
sys 1.12
real 269.86
user 268.78
sys 1.08
real 268.78
user 267.92
sys 0.91
real 270.87
user 269.32
sys 1.14
80 5
real 632.28
user 630.00
sys 2.12
real 633.18
user 631.43
sys 1.63
real 633.37
user 631.33
sys 1.69
real 633.80
user 632.10
sys 1.62
real 632.96
user 631.46
sys 1.56
real 632.87
user 630.91
sys 1.51
