5 2
real 0.13
user 0.10
sys 0.04
real 0.14
user 0.09
sys 0.05
real 0.14
user 0.12
sys 0.03
real 0.15
user 0.10
sys 0.04
real 0.15
user 0.12
sys 0.05
real 0.14
user 0.08
sys 0.05
5 3
real 0.18
user 0.15
sys 0.02
real 0.16
user 0.13
sys 0.05
real 0.18
user 0.15
sys 0.02
real 0.17
user 0.15
sys 0.01
real 0.16
user 0.13
sys 0.04
real 0.16
user 0.15
sys 0.01
5 4
real 0.20
user 0.19
sys 0.02
real 0.21
user 0.20
sys 0.02
real 0.21
user 0.20
sys 0.01
real 0.21
user 0.18
sys 0.05
real 0.21
user 0.20
sys 0.01
real 0.21
user 0.18
sys 0.02
5 5
real 0.28
user 0.28
sys 0.01
real 0.27
user 0.26
sys 0.03
real 0.27
user 0.19
sys 0.08
real 0.28
user 0.25
sys 0.04
real 0.27
user 0.24
sys 0.02
real 0.28
user 0.22
sys 0.07
10 2
real 0.19
user 0.16
sys 0.03
real 0.19
user 0.17
sys 0.02
real 0.20
user 0.15
sys 0.05
real 0.19
user 0.15
sys 0.03
real 0.18
user 0.14
sys 0.05
real 0.18
user 0.17
sys 0.01
10 3
real 0.29
user 0.26
sys 0.03
real 0.28
user 0.24
sys 0.04
real 0.29
user 0.27
sys 0.01
real 0.28
user 0.22
sys 0.08
real 0.29
user 0.26
sys 0.04
real 0.29
user 0.26
sys 0.04
10 4
real 0.45
user 0.39
sys 0.06
real 0.45
user 0.41
sys 0.03
real 0.47
user 0.38
sys 0.05
real 0.45
user 0.41
sys 0.02
real 0.44
user 0.40
sys 0.04
real 0.44
user 0.37
sys 0.06
10 5
real 0.69
user 0.66
sys 0.03
real 0.69
user 0.64
sys 0.05
real 0.70
user 0.65
sys 0.06
real 0.69
user 0.66
sys 0.02
real 0.70
user 0.67
sys 0.02
real 0.68
user 0.64
sys 0.03
15 2
real 0.29
user 0.27
sys 0.01
real 0.29
user 0.25
sys 0.03
real 0.29
user 0.27
sys 0.02
real 0.31
user 0.28
sys 0.05
real 0.32
user 0.24
sys 0.06
real 0.29
user 0.22
sys 0.08
15 3
real 0.50
user 0.48
sys 0.02
real 0.50
user 0.47
sys 0.04
real 0.50
user 0.45
sys 0.06
real 0.50
user 0.49
sys 0.00
real 0.50
user 0.47
sys 0.04
real 0.51
user 0.47
sys 0.04
15 4
real 0.90
user 0.89
sys 0.01
real 0.88
user 0.84
sys 0.04
real 0.90
user 0.86
sys 0.04
real 0.89
user 0.84
sys 0.04
real 0.89
user 0.82
sys 0.05
real 0.91
user 0.87
sys 0.04
15 5
real 1.46
user 1.36
sys 0.10
real 1.48
user 1.45
sys 0.02
real 1.48
user 1.44
sys 0.04
real 1.47
user 1.42
sys 0.05
real 1.50
user 1.47
sys 0.04
real 1.50
user 1.45
sys 0.06
20 2
real 0.44
user 0.40
sys 0.04
real 0.44
user 0.39
sys 0.03
real 0.44
user 0.39
sys 0.06
real 0.44
user 0.42
sys 0.02
real 0.44
user 0.37
sys 0.06
real 0.44
user 0.42
sys 0.02
20 3
real 0.88
user 0.82
sys 0.06
real 0.87
user 0.83
sys 0.04
real 0.88
user 0.83
sys 0.05
real 0.86
user 0.84
sys 0.05
real 0.88
user 0.85
sys 0.01
real 0.88
user 0.82
sys 0.04
20 4
real 1.61
user 1.52
sys 0.07
real 1.59
user 1.54
sys 0.03
real 1.61
user 1.55
sys 0.06
real 1.70
user 1.64
sys 0.08
real 1.58
user 1.56
sys 0.03
real 1.62
user 1.59
sys 0.04
20 5
real 2.71
user 2.60
sys 0.09
real 2.72
user 2.66
sys 0.05
real 2.71
user 2.66
sys 0.04
real 2.73
user 2.67
sys 0.06
real 2.73
user 2.69
sys 0.06
real 2.73
user 2.68
sys 0.04
25 2
real 0.66
user 0.62
sys 0.05
real 0.67
user 0.61
sys 0.06
real 0.68
user 0.61
sys 0.05
real 0.66
user 0.64
sys 0.02
real 0.66
user 0.63
sys 0.04
real 0.67
user 0.64
sys 0.04
25 3
real 1.43
user 1.40
sys 0.02
real 1.42
user 1.33
sys 0.08
real 1.41
user 1.36
sys 0.06
real 1.42
user 1.32
sys 0.06
real 1.40
user 1.35
sys 0.06
real 1.41
user 1.34
sys 0.06
25 4
real 2.69
user 2.61
sys 0.09
real 2.69
user 2.64
sys 0.06
real 2.83
user 2.70
sys 0.14
real 2.71
user 2.63
sys 0.09
real 2.74
user 2.69
sys 0.04
real 2.70
user 2.58
sys 0.09
25 5
real 4.62
user 4.57
sys 0.04
real 4.69
user 4.56
sys 0.12
real 4.60
user 4.46
sys 0.13
real 4.63
user 4.56
sys 0.07
real 4.65
user 4.54
sys 0.06
real 4.60
user 4.49
sys 0.07
30 2
real 0.98
user 0.90
sys 0.07
real 0.99
user 0.90
sys 0.08
real 0.99
user 0.91
sys 0.05
real 0.99
user 0.94
sys 0.05
real 0.97
user 0.95
sys 0.03
real 0.98
user 0.92
sys 0.05
30 3
real 2.21
user 2.15
sys 0.08
real 2.20
user 2.10
sys 0.09
real 2.20
user 2.11
sys 0.08
real 2.67
user 2.05
sys 0.07
real 2.21
user 2.12
sys 0.08
real 2.19
user 2.16
sys 0.01
30 4
real 4.30
user 4.21
sys 0.07
real 4.49
user 4.41
sys 0.06
real 4.24
user 4.11
sys 0.12
real 4.26
user 4.11
sys 0.14
real 4.24
user 4.14
sys 0.09
real 4.25
user 4.16
sys 0.07
30 5
real 7.40
user 7.28
sys 0.09
real 7.37
user 7.29
sys 0.05
real 7.86
user 7.19
sys 0.14
real 7.42
user 7.23
sys 0.14
real 7.48
user 7.29
sys 0.12
real 7.54
user 7.41
sys 0.11
35 2
real 1.40
user 1.37
sys 0.04
real 1.39
user 1.31
sys 0.08
real 1.40
user 1.33
sys 0.06
real 1.39
user 1.34
sys 0.04
real 1.39
user 1.34
sys 0.08
real 1.39
user 1.33
sys 0.05
35 3
real 3.23
user 3.12
sys 0.10
real 3.28
user 3.17
sys 0.12
real 3.25
user 3.08
sys 0.11
real 3.24
user 3.12
sys 0.10
real 3.25
user 3.13
sys 0.08
real 3.25
user 3.20
sys 0.07
35 4
real 6.44
user 6.31
sys 0.09
real 6.54
user 6.44
sys 0.10
real 6.66
user 6.50
sys 0.13
real 7.14
user 6.47
sys 0.13
real 7.05
user 6.31
sys 0.17
real 6.51
user 6.37
sys 0.14
35 5
real 11.49
user 11.33
sys 0.07
real 11.60
user 11.36
sys 0.18
real 11.67
user 11.54
sys 0.11
real 12.61
user 12.35
sys 0.18
real 11.76
user 11.59
sys 0.12
real 11.60
user 11.42
sys 0.17
40 2
real 1.93
user 1.89
sys 0.05
real 1.93
user 1.91
sys 0.02
real 1.93
user 1.88
sys 0.05
real 1.97
user 1.84
sys 0.09
real 2.01
user 1.96
sys 0.04
real 1.94
user 1.83
sys 0.08
40 3
real 4.64
user 4.57
sys 0.08
real 4.67
user 4.63
sys 0.06
real 4.66
user 4.57
sys 0.09
real 4.68
user 4.57
sys 0.11
real 4.73
user 4.57
sys 0.10
real 4.77
user 4.64
sys 0.12
40 4
real 9.68
user 9.54
sys 0.12
real 9.66
user 9.49
sys 0.15
real 9.85
user 9.65
sys 0.18
real 9.70
user 9.53
sys 0.16
real 9.72
user 9.55
sys 0.14
real 10.00
user 9.76
sys 0.21
40 5
real 17.77
user 17.51
sys 0.23
real 17.57
user 17.37
sys 0.15
real 17.72
user 17.53
sys 0.17
real 17.69
user 17.46
sys 0.18
real 17.70
user 17.54
sys 0.16
real 17.67
user 17.45
sys 0.20
45 2
real 2.65
user 2.57
sys 0.09
real 2.79
user 2.72
sys 0.05
real 2.65
user 2.56
sys 0.09
real 2.64
user 2.58
sys 0.04
real 2.78
user 2.66
sys 0.09
real 2.69
user 2.55
sys 0.09
45 3
real 6.68
user 6.49
sys 0.13
real 6.69
user 6.56
sys 0.11
real 6.73
user 6.45
sys 0.19
real 6.70
user 6.53
sys 0.08
real 7.16
user 6.54
sys 0.06
real 6.74
user 6.51
sys 0.16
45 4
real 14.36
user 14.19
sys 0.14
real 14.42
user 14.23
sys 0.18
real 14.39
user 14.04
sys 0.24
real 14.68
user 14.46
sys 0.17
real 14.43
user 14.12
sys 0.22
real 15.24
user 14.34
sys 0.20
45 5
real 25.77
user 25.45
sys 0.26
real 25.86
user 25.59
sys 0.24
real 25.68
user 25.26
sys 0.24
real 25.84
user 25.51
sys 0.29
real 25.65
user 25.49
sys 0.15
real 25.82
user 25.61
sys 0.18
50 2
real 3.55
user 3.47
sys 0.08
real 3.70
user 3.59
sys 0.11
real 3.73
user 3.59
sys 0.14
real 3.67
user 3.49
sys 0.15
real 3.92
user 3.68
sys 0.07
real 3.80
user 3.71
sys 0.10
50 3
real 9.60
user 9.50
sys 0.10
real 9.69
user 9.34
sys 0.22
real 9.70
user 9.52
sys 0.18
real 9.58
user 9.44
sys 0.13
real 9.42
user 9.26
sys 0.17
real 9.52
user 9.20
sys 0.17
50 4
real 20.53
user 20.32
sys 0.20
real 21.08
user 20.36
sys 0.23
real 20.86
user 20.64
sys 0.17
real 20.78
user 20.46
sys 0.26
real 20.59
user 20.24
sys 0.34
real 20.79
user 20.42
sys 0.26
50 5
real 36.06
user 35.65
sys 0.39
real 36.13
user 35.71
sys 0.38
real 36.28
user 35.90
sys 0.39
real 36.12
user 35.93
sys 0.19
real 36.10
user 35.88
sys 0.22
real 36.09
user 35.71
sys 0.34
55 2
real 4.68
user 4.54
sys 0.10
real 4.73
user 4.55
sys 0.12
real 4.71
user 4.56
sys 0.13
real 4.98
user 4.88
sys 0.06
real 4.78
user 4.66
sys 0.11
real 4.76
user 4.62
sys 0.11
55 3
real 12.29
user 12.08
sys 0.17
real 12.12
user 11.95
sys 0.16
real 12.47
user 12.26
sys 0.19
real 12.23
user 12.08
sys 0.13
real 12.38
user 12.22
sys 0.16
real 12.33
user 12.16
sys 0.12
55 4
real 29.24
user 28.85
sys 0.37
real 29.38
user 29.07
sys 0.27
real 29.80
user 29.45
sys 0.35
real 29.47
user 28.99
sys 0.36
real 29.33
user 28.86
sys 0.41
real 29.42
user 29.09
sys 0.27
55 5
real 49.49
user 48.90
sys 0.44
real 49.42
user 49.10
sys 0.25
real 49.24
user 48.95
sys 0.29
real 49.90
user 49.32
sys 0.37
real 49.69
user 49.29
sys 0.39
real 49.39
user 48.93
sys 0.33
60 2
real 6.06
user 5.96
sys 0.11
real 6.07
user 5.96
sys 0.10
real 6.62
user 6.05
sys 0.12
real 6.10
user 5.94
sys 0.16
real 6.09
user 5.97
sys 0.09
real 6.08
user 5.99
sys 0.12
60 3
real 17.30
user 17.04
sys 0.24
real 16.87
user 16.65
sys 0.17
real 17.27
user 16.97
sys 0.20
real 17.10
user 16.84
sys 0.24
real 17.09
user 16.93
sys 0.13
real 16.99
user 16.66
sys 0.26
60 4
real 40.01
user 39.54
sys 0.43
real 40.79
user 39.93
sys 0.35
real 40.08
user 39.66
sys 0.34
real 40.02
user 39.59
sys 0.39
real 40.12
user 39.32
sys 0.35
real 40.08
user 39.65
sys 0.38
60 5
real 65.58
user 64.85
sys 0.51
real 65.98
user 65.41
sys 0.55
real 65.50
user 65.02
sys 0.46
real 65.60
user 65.10
sys 0.48
real 65.74
user 65.16
sys 0.51
real 65.48
user 65.01
sys 0.48
65 2
real 7.82
user 7.68
sys 0.10
real 8.29
user 8.05
sys 0.15
real 8.06
user 7.88
sys 0.13
real 8.09
user 7.94
sys 0.12
real 8.35
user 8.11
sys 0.21
real 7.96
user 7.73
sys 0.21
65 3
real 23.32
user 23.10
sys 0.24
real 23.31
user 23.07
sys 0.23
real 23.97
user 23.00
sys 0.21
real 23.28
user 22.99
sys 0.22
real 23.00
user 22.73
sys 0.26
real 23.39
user 23.11
sys 0.27
65 4
real 53.26
user 52.67
sys 0.56
real 53.13
user 52.84
sys 0.28
real 53.62
user 53.03
sys 0.54
real 53.20
user 52.70
sys 0.38
real 52.93
user 52.43
sys 0.47
real 53.29
user 52.66
sys 0.45
65 5
real 86.54
user 85.40
sys 0.60
real 86.26
user 85.50
sys 0.72
real 85.63
user 85.02
sys 0.60
real 86.14
user 85.52
sys 0.62
real 86.62
user 85.79
sys 0.64
real 85.56
user 84.87
sys 0.61
70 2
real 10.25
user 10.12
sys 0.10
real 10.22
user 10.09
sys 0.10
real 10.16
user 9.93
sys 0.18
real 10.35
user 10.09
sys 0.24
real 10.38
user 10.04
sys 0.26
real 10.37
user 10.16
sys 0.14
70 3
real 31.30
user 30.79
sys 0.41
real 30.84
user 30.58
sys 0.21
real 30.94
user 30.51
sys 0.43
real 31.06
user 30.69
sys 0.33
real 31.43
user 30.99
sys 0.32
real 30.99
user 30.76
sys 0.24
70 4
real 68.73
user 68.18
sys 0.48
real 68.64
user 68.03
sys 0.55
real 69.32
user 68.07
sys 0.62
real 69.40
user 68.67
sys 0.70
real 68.89
user 68.30
sys 0.49
real 69.03
user 68.46
sys 0.46
70 5
real 110.07
user 109.26
sys 0.76
real 111.05
user 110.17
sys 0.77
real 110.48
user 109.67
sys 0.61
real 110.39
user 109.60
sys 0.80
real 110.06
user 109.23
sys 0.80
real 110.51
user 109.67
sys 0.67
75 2
real 13.65
user 13.25
sys 0.23
real 13.45
user 13.29
sys 0.16
real 14.00
user 13.83
sys 0.14
real 13.38
user 13.10
sys 0.26
real 13.45
user 13.20
sys 0.24
real 13.61
user 13.36
sys 0.22
75 3
real 40.77
user 40.31
sys 0.42
real 40.57
user 40.23
sys 0.30
real 40.84
user 40.58
sys 0.26
real 40.66
user 40.24
sys 0.37
real 40.69
user 40.30
sys 0.33
real 40.66
user 40.26
sys 0.39
75 4
real 88.48
user 87.73
sys 0.72
real 88.47
user 87.79
sys 0.67
real 88.17
user 87.34
sys 0.63
real 88.29
user 87.44
sys 0.74
real 88.22
user 87.35
sys 0.85
real 88.51
user 87.53
sys 0.71
75 5
real 141.66
user 140.62
sys 0.97
real 142.49
user 141.09
sys 0.91
real 140.61
user 139.32
sys 1.04
real 141.26
user 140.23
sys 0.93
real 141.62
user 140.15
sys 0.89
real 140.73
user 139.84
sys 0.83
80 2
real 17.12
user 16.84
sys 0.27
real 17.85
user 17.02
sys 0.25
real 17.72
user 17.50
sys 0.17
real 17.59
user 17.33
sys 0.24
real 17.56
user 17.33
sys 0.18
real 17.52
user 17.23
sys 0.23
80 3
real 52.25
user 51.84
sys 0.39
real 52.77
user 52.18
sys 0.48
real 52.26
user 51.67
sys 0.52
real 52.49
user 51.97
sys 0.38
real 52.29
user 51.87
sys 0.38
real 52.71
user 51.70
sys 0.42
80 4
real 109.71
user 108.89
sys 0.79
real 109.98
user 108.81
sys 0.81
real 109.42
user 108.53
sys 0.87
real 110.21
user 109.13
sys 0.86
real 109.31
user 108.30
sys 0.80
real 110.04
user 109.15
sys 0.81
80 5
real 175.46
user 174.44
sys 0.98
real 176.08
user 174.89
sys 1.16
real 176.27
user 175.17
sys 1.05
real 175.78
user 174.51
sys 1.06
real 175.54
user 174.10
sys 0.99
real 175.12
user 174.06
sys 1.05
