########
15 3 4 10 10 3 0.5
real 0.69
user 0.66
sys 0.07
15 4 4 10 10 3 0.5
real 0.74
user 0.69
sys 0.05
15 5 4 10 10 3 0.5
real 0.71
user 0.66
sys 0.03
20 3 4 10 10 3 0.5
real 1.89
user 1.78
sys 0.06
20 4 4 10 10 3 0.5
real 1.95
user 1.90
sys 0.07
20 5 4 10 10 3 0.5
real 1.76
user 1.74
sys 0.03
25 3 4 10 10 3 0.5
real 1.47
user 1.37
sys 0.08
25 4 4 10 10 3 0.5
real 1.61
user 1.54
sys 0.07
25 5 4 10 10 3 0.5
real 2.78
user 2.72
sys 0.02
30 3 4 10 10 3 0.5
real 2.05
user 2.02
sys 0.04
30 4 4 10 10 3 0.5
real 2.41
user 2.37
sys 0.04
30 5 4 10 10 3 0.5
real 4.95
user 4.75
sys 0.19
35 3 4 10 10 3 0.5
real 2.44
user 2.36
sys 0.07
35 4 4 10 10 3 0.5
real 3.00
user 2.87
sys 0.08
35 5 4 10 10 3 0.5
real 4.75
user 4.64
sys 0.06
40 3 4 10 10 3 0.5
real 2.65
user 2.55
sys 0.10
40 4 4 10 10 3 0.5
real 5.51
user 5.41
sys 0.10
40 5 4 10 10 3 0.5
real 9.35
user 9.16
sys 0.16
45 3 4 10 10 3 0.5
real 2.67
user 2.63
sys 0.04
45 4 4 10 10 3 0.5
real 7.71
user 7.57
sys 0.15
45 5 4 10 10 3 0.5
real 10.24
user 9.98
sys 0.20
50 3 4 10 10 3 0.5
real 10.17
user 9.93
sys 0.20
50 4 4 10 10 3 0.5
real 4.79
user 4.67
sys 0.06
50 5 4 10 10 3 0.5
real 13.80
user 13.43
sys 0.39
55 3 4 10 10 3 0.5
real 6.99
user 6.82
sys 0.16
55 4 4 10 10 3 0.5
real 9.93
user 9.73
sys 0.14
55 5 4 10 10 3 0.5
real 10.38
user 10.02
sys 0.30
60 3 4 10 10 3 0.5
real 8.56
user 8.38
sys 0.12
60 4 4 10 10 3 0.5
real 7.33
user 7.24
sys 0.09
60 5 4 10 10 3 0.5
real 13.81
user 13.50
sys 0.23
65 3 4 10 10 3 0.5
real 5.96
user 5.84
sys 0.10
65 4 4 10 10 3 0.5
real 5.77
user 5.63
sys 0.11
65 5 4 10 10 3 0.5
real 11.31
user 10.93
sys 0.15
70 3 4 10 10 3 0.5
real 13.71
user 13.48
sys 0.12
70 4 4 10 10 3 0.5
real 8.02
user 7.80
sys 0.12
70 5 4 10 10 3 0.5
real 16.83
user 16.46
sys 0.37
75 3 4 10 10 3 0.5
real 5.61
user 5.51
sys 0.11
75 4 4 10 10 3 0.5
real 19.12
user 18.96
sys 0.19
75 5 4 10 10 3 0.5
real 14.42
user 14.03
sys 0.23
80 3 4 10 10 3 0.5
real 8.82
user 8.69
sys 0.08
80 4 4 10 10 3 0.5
real 14.00
user 13.49
sys 0.25
80 5 4 10 10 3 0.5
real 18.07
user 17.77
sys 0.21
