########
15 3 4 10 10 3 0.5
real 1.35
user 1.27
sys 0.10
15 4 4 10 10 3 0.5
real 0.91
user 0.86
sys 0.06
20 3 4 10 10 3 0.5
real 2.12
user 2.04
sys 0.05
20 4 4 10 10 3 0.5
real 3.04
user 2.99
sys 0.11
25 3 4 10 10 3 0.5
real 1.54
user 1.48
sys 0.03
25 4 4 10 10 3 0.5
real 2.53
user 2.43
sys 0.07
30 3 4 10 10 3 0.5
real 2.12
user 2.03
sys 0.09
30 4 4 10 10 3 0.5
real 2.98
user 2.95
sys 0.04
35 3 4 10 10 3 0.5
real 8.00
user 8.21
sys 0.08
35 4 4 10 10 3 0.5
real 6.08
user 6.24
sys 0.06
40 3 4 10 10 3 0.5
real 6.45
user 6.59
sys 0.07
40 4 4 10 10 3 0.5
real 14.21
user 14.62
sys 0.15
45 3 4 10 10 3 0.5
real 2.65
user 2.60
sys 0.06
45 4 4 10 10 3 0.5
Command exited with non-zero status 130
real 738.44
user 789.62
sys 1.04
50 3 4 10 10 3 0.5
Command exited with non-zero status 1
real 0.63
user 0.60
sys 0.01
50 4 4 10 10 3 0.5
Command exited with non-zero status 1
real 0.50
user 0.48
sys 0.01
########
10 2 4 10 10 3 0.5
real 0.51
user 0.45
sys 0.07
10 3 4 10 10 3 0.5
real 0.62
user 0.55
sys 0.04
10 4 4 10 10 3 0.5
real 0.62
user 0.55
sys 0.02
15 2 4 10 10 3 0.5
real 0.67
user 0.62
sys 0.06
15 3 4 10 10 3 0.5
real 0.70
user 0.61
sys 0.10
15 4 4 10 10 3 0.5
real 0.87
user 0.80
sys 0.08
20 2 4 10 10 3 0.5
real 0.67
user 0.61
sys 0.04
20 3 4 10 10 3 0.5
Command exited with non-zero status 130
real 0.85
user 0.84
sys 0.02
20 4 4 10 10 3 0.5
Command exited with non-zero status 1
real 0.54
user 0.51
sys 0.02
25 2 4 10 10 3 0.5
Command exited with non-zero status 1
real 0.51
user 0.49
sys 0.02
25 3 4 10 10 3 0.5
Command exited with non-zero status 1
real 0.24
user 0.21
sys 0.03
25 4 4 10 10 3 0.5
Command exited with non-zero status 1
real 0.18
user 0.18
sys 0.00
30 2 4 10 10 3 0.5
Command exited with non-zero status 1
real 0.49
user 0.48
sys 0.00
30 3 4 10 10 3 0.5
Command exited with non-zero status 1
real 0.06
user 0.04
sys 0.02
30 4 4 10 10 3 0.5
Command exited with non-zero status 1
real 0.03
user 0.01
sys 0.03
35 2 4 10 10 3 0.5
Command exited with non-zero status 130
real 0.01
user 0.00
sys 0.02
35 3 4 10 10 3 0.5
Command exited with non-zero status 130
real 0.01
user 0.00
sys 0.01
35 4 4 10 10 3 0.5
Command exited with non-zero status 1
real 0.03
user 0.04
sys 0.00
40 2 4 10 10 3 0.5
Command exited with non-zero status 1
real 0.04
user 0.01
sys 0.02
40 3 4 10 10 3 0.5
Command exited with non-zero status 1
real 0.12
user 0.05
sys 0.03
40 4 4 10 10 3 0.5
Command exited with non-zero status 1
real 0.25
user 0.21
sys 0.04
45 2 4 10 10 3 0.5
Command exited with non-zero status 1
real 0.48
user 0.47
sys 0.02
45 3 4 10 10 3 0.5
Command exited with non-zero status 1
real 0.03
user 0.02
sys 0.02
45 4 4 10 10 3 0.5
Command exited with non-zero status 1
real 0.04
user 0.03
sys 0.02
