########
10 2 4 10 10 3 0.5
real 0.48
user 0.44
sys 0.03
10 3 4 10 10 3 0.5
real 0.65
user 0.57
sys 0.08
10 4 4 10 10 3 0.5
real 0.58
user 0.54
sys 0.03
15 2 4 10 10 3 0.5
real 0.65
user 0.58
sys 0.07
15 3 4 10 10 3 0.5
real 0.74
user 0.66
sys 0.11
15 4 4 10 10 3 0.5
real 0.92
user 0.82
sys 0.10
20 2 4 10 10 3 0.5
real 0.65
user 0.64
sys 0.04
20 3 4 10 10 3 0.5
real 2.06
user 1.99
sys 0.08
20 4 4 10 10 3 0.5
real 3.03
user 3.03
sys 0.10
25 2 4 10 10 3 0.5
real 1.27
user 1.21
sys 0.04
25 3 4 10 10 3 0.5
real 1.55
user 1.47
sys 0.07
25 4 4 10 10 3 0.5
real 2.50
user 2.44
sys 0.07
30 2 4 10 10 3 0.5
real 1.02
user 0.97
sys 0.03
30 3 4 10 10 3 0.5
real 2.14
user 2.04
sys 0.08
30 4 4 10 10 3 0.5
real 2.95
user 2.93
sys 0.07
35 2 4 10 10 3 0.5
real 1.10
user 0.98
sys 0.07
35 3 4 10 10 3 0.5
real 8.03
user 8.25
sys 0.10
35 4 4 10 10 3 0.5
real 6.26
user 6.19
sys 0.05
40 2 4 10 10 3 0.5
real 1.61
user 1.57
sys 0.05
40 3 4 10 10 3 0.5
real 6.48
user 6.40
sys 0.11
40 4 4 10 10 3 0.5
real 13.82
user 14.18
sys 0.10
45 2 4 10 10 3 0.5
real 2.69
user 2.60
sys 0.07
45 3 4 10 10 3 0.5
real 2.59
user 2.53
sys 0.07
45 4 4 10 10 3 0.5
Command exited with non-zero status 130
real 53594.86
user 57407.70
sys 80.25
50 2 4 10 10 3 0.5
real 3.19
user 3.09
sys 0.09
50 3 4 10 10 3 0.5
real 150.13
user 151.47
sys 0.30
50 4 4 10 10 3 0.5
real 5.29
user 5.18
sys 0.07
55 2 4 10 10 3 0.5
real 3.34
user 3.24
sys 0.08
55 3 4 10 10 3 0.5
Command exited with non-zero status 130
real 13.87
user 14.25
sys 0.19
55 4 4 10 10 3 0.5
Command exited with non-zero status 1
real 0.66
user 0.63
sys 0.03
60 2 4 10 10 3 0.5
Command exited with non-zero status 1
real 0.32
user 0.27
sys 0.05
60 3 4 10 10 3 0.5
Command exited with non-zero status 1
real 0.49
user 0.47
sys 0.03
60 4 4 10 10 3 0.5
########
10 2 4 10 10 3 0.5
real 0.52
user 0.46
sys 0.04
10 3 4 10 10 3 0.5
real 0.68
user 0.63
sys 0.05
10 4 4 10 10 3 0.5
real 0.64
user 0.57
sys 0.03
15 2 4 10 10 3 0.5
real 0.69
user 0.65
sys 0.04
15 3 4 10 10 3 0.5
real 0.75
user 0.66
sys 0.04
15 4 4 10 10 3 0.5
real 0.99
user 0.82
sys 0.03
20 2 4 10 10 3 0.5
real 0.78
user 0.71
sys 0.05
20 3 4 10 10 3 0.5
real 1.86
user 1.80
sys 0.01
20 4 4 10 10 3 0.5
real 2.06
user 1.91
sys 0.10
25 2 4 10 10 3 0.5
real 1.29
user 1.21
sys 0.01
25 3 4 10 10 3 0.5
real 1.67
user 1.58
sys 0.06
25 4 4 10 10 3 0.5
real 1.70
user 1.58
sys 0.06
30 2 4 10 10 3 0.5
real 0.97
user 0.95
sys 0.02
30 3 4 10 10 3 0.5
real 2.07
user 1.98
sys 0.04
30 4 4 10 10 3 0.5
real 2.47
user 2.32
sys 0.05
35 2 4 10 10 3 0.5
real 0.95
user 0.93
sys 0.03
35 3 4 10 10 3 0.5
real 2.36
user 2.28
sys 0.06
35 4 4 10 10 3 0.5
real 2.88
user 2.83
sys 0.04
40 2 4 10 10 3 0.5
real 1.52
user 1.45
sys 0.04
40 3 4 10 10 3 0.5
real 2.55
user 2.47
sys 0.09
40 4 4 10 10 3 0.5
real 5.42
user 5.32
sys 0.07
45 2 4 10 10 3 0.5
real 4.01
user 3.73
sys 0.09
45 3 4 10 10 3 0.5
real 2.52
user 2.42
sys 0.06
45 4 4 10 10 3 0.5
real 7.56
user 7.28
sys 0.20
50 2 4 10 10 3 0.5
real 2.03
user 1.96
sys 0.07
50 3 4 10 10 3 0.5
real 10.02
user 9.82
sys 0.15
50 4 4 10 10 3 0.5
real 4.66
user 4.58
sys 0.06
55 2 4 10 10 3 0.5
real 2.86
user 2.82
sys 0.04
55 3 4 10 10 3 0.5
real 7.07
user 6.98
sys 0.08
55 4 4 10 10 3 0.5
real 9.84
user 9.70
sys 0.16
60 2 4 10 10 3 0.5
real 2.64
user 2.52
sys 0.07
60 3 4 10 10 3 0.5
real 5.46
user 5.35
sys 0.09
60 4 4 10 10 3 0.5
real 7.32
user 7.02
sys 0.06
65 2 4 10 10 3 0.5
real 3.54
user 3.45
sys 0.07
65 3 4 10 10 3 0.5
real 5.76
user 5.69
sys 0.08
65 4 4 10 10 3 0.5
real 5.70
user 5.66
sys 0.03
70 2 4 10 10 3 0.5
real 7.28
user 7.15
sys 0.11
70 3 4 10 10 3 0.5
real 13.74
user 13.57
sys 0.11
70 4 4 10 10 3 0.5
real 7.88
user 7.67
sys 0.19
75 2 4 10 10 3 0.5
real 6.84
user 6.75
sys 0.09
75 3 4 10 10 3 0.5
real 5.46
user 5.39
sys 0.05
75 4 4 10 10 3 0.5
real 18.90
user 18.66
sys 0.18
80 2 4 10 10 3 0.5
real 8.21
user 8.08
sys 0.11
80 3 4 10 10 3 0.5
real 8.68
user 8.54
sys 0.11
80 4 4 10 10 3 0.5
real 13.72
user 13.49
sys 0.19
########
10 5 4 10 10 3 0.5
real 0.53
user 0.51
sys 0.02
15 5 4 10 10 3 0.5
real 0.64
user 0.59
sys 0.04
20 5 4 10 10 3 0.5
real 1.66
user 1.60
sys 0.02
25 5 4 10 10 3 0.5
real 2.65
user 2.57
sys 0.07
30 5 4 10 10 3 0.5
real 4.82
user 4.68
sys 0.11
35 5 4 10 10 3 0.5
real 4.58
user 4.52
sys 0.04
40 5 4 10 10 3 0.5
real 9.05
user 8.80
sys 0.20
45 5 4 10 10 3 0.5
real 10.07
user 9.70
sys 0.31
50 5 4 10 10 3 0.5
real 13.76
user 13.36
sys 0.35
55 5 4 10 10 3 0.5
real 10.24
user 9.94
sys 0.28
60 5 4 10 10 3 0.5
real 13.82
user 13.43
sys 0.20
65 5 4 10 10 3 0.5
real 11.12
user 11.00
sys 0.07
70 5 4 10 10 3 0.5
real 16.66
user 16.25
sys 0.32
75 5 4 10 10 3 0.5
real 14.24
user 14.12
sys 0.09
80 5 4 10 10 3 0.5
real 17.70
user 17.35
sys 0.21
########
10 2 4 10 10 3 0.5
real 0.48
user 0.43
sys 0.04
10 3 4 10 10 3 0.5
real 0.62
user 0.61
sys 0.03
10 4 4 10 10 3 0.5
real 0.63
user 0.56
sys 0.05
10 5 4 10 10 3 0.5
real 0.70
user 0.67
sys 0.06
15 2 4 10 10 3 0.5
real 0.64
user 0.56
sys 0.04
15 3 4 10 10 3 0.5
real 0.74
user 0.64
sys 0.07
15 4 4 10 10 3 0.5
real 0.91
user 0.88
sys 0.03
15 5 4 10 10 3 0.5
real 1.78
user 1.67
sys 0.10
20 2 4 10 10 3 0.5
real 0.68
user 0.65
sys 0.04
20 3 4 10 10 3 0.5
real 2.10
user 2.03
sys 0.07
20 4 4 10 10 3 0.5
real 3.10
user 3.08
sys 0.03
20 5 4 10 10 3 0.5
real 2.05
user 2.00
sys 0.04
25 2 4 10 10 3 0.5
real 1.33
user 1.27
sys 0.05
25 3 4 10 10 3 0.5
real 1.56
user 1.46
sys 0.04
25 4 4 10 10 3 0.5
real 2.54
user 2.40
sys 0.11
25 5 4 10 10 3 0.5
real 4.16
user 4.12
sys 0.05
30 2 4 10 10 3 0.5
real 1.01
user 0.95
sys 0.05
30 3 4 10 10 3 0.5
real 2.12
user 2.05
sys 0.05
30 4 4 10 10 3 0.5
real 3.03
user 2.98
sys 0.04
30 5 4 10 10 3 0.5
real 25.71
user 26.90
sys 0.13
35 2 4 10 10 3 0.5
real 1.04
user 0.97
sys 0.02
35 3 4 10 10 3 0.5
real 8.12
user 8.27
sys 0.08
35 4 4 10 10 3 0.5
real 6.09
user 6.24
sys 0.06
35 5 4 10 10 3 0.5
real 5.47
user 5.36
sys 0.06
40 2 4 10 10 3 0.5
real 1.67
user 1.58
sys 0.07
40 3 4 10 10 3 0.5
real 6.58
user 6.63
sys 0.09
40 4 4 10 10 3 0.5
real 14.10
user 14.56
sys 0.07
40 5 4 10 10 3 0.5
Command exited with non-zero status 130
real 236.28
user 250.32
sys 0.69
45 2 4 10 10 3 0.5
Command exited with non-zero status 1
real 0.51
user 0.51
sys 0.01
45 3 4 10 10 3 0.5
Command exited with non-zero status 1
real 0.17
user 0.17
sys 0.01
45 4 4 10 10 3 0.5
Command exited with non-zero status 1
real 0.50
user 0.49
sys 0.02
45 5 4 10 10 3 0.5
Command exited with non-zero status 1
real 0.04
user 0.03
sys 0.02
50 2 4 10 10 3 0.5
########
10 2 4 10 10 3 0.5
real 0.47
user 0.42
sys 0.03
10 3 4 10 10 3 0.5
real 0.61
user 0.57
sys 0.06
10 4 4 10 10 3 0.5
real 0.59
user 0.53
sys 0.06
10 5 4 10 10 3 0.5
real 0.64
user 0.61
sys 0.04
15 2 4 10 10 3 0.5
real 0.63
user 0.59
sys 0.05
15 3 4 10 10 3 0.5
real 0.70
user 0.64
sys 0.05
15 4 4 10 10 3 0.5
real 0.90
user 0.88
sys 0.03
15 5 4 10 10 3 0.5
real 1.74
user 1.61
sys 0.08
20 2 4 10 10 3 0.5
real 0.70
user 0.64
sys 0.10
20 3 4 10 10 3 0.5
real 2.12
user 1.99
sys 0.11
20 4 4 10 10 3 0.5
real 3.15
user 3.12
sys 0.06
20 5 4 10 10 3 0.5
real 2.03
user 1.99
sys 0.04
25 2 4 10 10 3 0.5
real 1.31
user 1.24
sys 0.07
25 3 4 10 10 3 0.5
real 1.57
user 1.51
sys 0.05
25 4 4 10 10 3 0.5
real 2.53
user 2.47
sys 0.08
25 5 4 10 10 3 0.5
real 4.17
user 4.10
sys 0.10
30 2 4 10 10 3 0.5
real 2.06
user 1.97
sys 0.10
30 3 4 10 10 3 0.5
real 2.12
user 2.05
sys 0.05
30 4 4 10 10 3 0.5
real 3.06
user 3.04
sys 0.06
30 5 4 10 10 3 0.5
real 25.71
user 26.84
sys 0.07
35 2 4 10 10 3 0.5
real 1.09
user 0.99
sys 0.06
35 3 4 10 10 3 0.5
real 9.37
user 9.15
sys 0.12
35 4 4 10 10 3 0.5
real 6.08
user 6.20
sys 0.09
35 5 4 10 10 3 0.5
real 5.56
user 5.35
sys 0.05
40 2 4 10 10 3 0.5
real 1.61
user 1.55
sys 0.06
40 3 4 10 10 3 0.5
real 6.48
user 6.58
sys 0.10
40 4 4 10 10 3 0.5
real 14.22
user 14.68
sys 0.12
45 2 4 10 10 3 0.5
real 2.65
user 2.60
sys 0.06
45 3 4 10 10 3 0.5
real 2.67
user 2.60
sys 0.06
45 4 4 10 10 3 0.5
Command exited with non-zero status 130
real 45.66
user 48.44
sys 0.21
45 5 4 10 10 3 0.5
Command exited with non-zero status 1
real 0.39
user 0.35
sys 0.04
50 2 4 10 10 3 0.5
Command exited with non-zero status 1
real 0.46
user 0.42
sys 0.01
50 3 4 10 10 3 0.5
Command exited with non-zero status 1
real 0.04
user 0.03
sys 0.00
50 4 4 10 10 3 0.5
Command exited with non-zero status 130
real 0.02
user 0.00
sys 0.01
50 5 4 10 10 3 0.5
Command exited with non-zero status 1
real 0.04
user 0.03
sys 0.01
55 2 4 10 10 3 0.5
Command exited with non-zero status 1
real 0.04
user 0.03
sys 0.02
55 3 4 10 10 3 0.5
########
10 2 4 10 10 3 0.5
real 0.49
user 0.45
sys 0.02
10 3 4 10 10 3 0.5
real 0.59
user 0.56
sys 0.02
10 4 4 10 10 3 0.5
real 0.62
user 0.54
sys 0.07
10 5 4 10 10 3 0.5
real 0.64
user 0.58
sys 0.07
15 2 4 10 10 3 0.5
real 0.65
user 0.60
sys 0.06
15 3 4 10 10 3 0.5
real 0.73
user 0.68
sys 0.04
15 4 4 10 10 3 0.5
real 0.89
user 0.82
sys 0.05
15 5 4 10 10 3 0.5
real 1.73
user 1.66
sys 0.04
20 2 4 10 10 3 0.5
real 0.69
user 0.65
sys 0.03
20 3 4 10 10 3 0.5
real 2.11
user 2.06
sys 0.10
20 4 4 10 10 3 0.5
real 3.12
user 3.10
sys 0.05
20 5 4 10 10 3 0.5
real 2.11
user 2.02
sys 0.07
25 2 4 10 10 3 0.5
real 1.38
user 1.16
sys 0.07
25 3 4 10 10 3 0.5
real 1.53
user 1.48
sys 0.05
25 4 4 10 10 3 0.5
real 2.56
user 2.46
sys 0.06
25 5 4 10 10 3 0.5
real 4.18
user 4.15
sys 0.08
30 2 4 10 10 3 0.5
real 1.00
user 0.98
sys 0.01
30 3 4 10 10 3 0.5
real 3.36
user 3.25
sys 0.10
30 4 4 10 10 3 0.5
real 3.09
user 3.03
sys 0.04
30 5 4 10 10 3 0.5
real 26.20
user 27.09
sys 0.24
35 2 4 10 10 3 0.5
real 1.08
user 1.04
sys 0.06
35 3 4 10 10 3 0.5
real 8.04
user 8.25
sys 0.08
35 4 4 10 10 3 0.5
real 6.29
user 6.28
sys 0.09
35 5 4 10 10 3 0.5
real 5.64
user 5.51
sys 0.09
40 2 4 10 10 3 0.5
real 1.65
user 1.60
sys 0.05
40 3 4 10 10 3 0.5
real 6.65
user 6.76
sys 0.09
40 4 4 10 10 3 0.5
real 14.10
user 14.44
sys 0.10
45 2 4 10 10 3 0.5
real 2.74
user 2.65
sys 0.08
45 3 4 10 10 3 0.5
real 3.95
user 3.89
sys 0.05
45 5 4 10 10 3 0.5
real 105.43
user 111.90
sys 0.54
50 2 4 10 10 3 0.5
real 2.97
user 2.95
sys 0.06
50 3 4 10 10 3 0.5
real 141.33
user 149.10
sys 0.62
50 4 4 10 10 3 0.5
real 4.90
user 4.72
sys 0.11
50 5 4 10 10 3 0.5
real 260.17
user 274.11
sys 0.79
########
55 2 4 10 10 3 0.5
real 3.16
user 3.06
sys 0.10
55 3 4 10 10 3 0.5
real 38.38
user 40.16
sys 0.18
55 4 4 10 10 3 0.5
real 103.59
user 109.18
sys 0.26
55 5 4 10 10 3 0.5
Command exited with non-zero status 130
real 112.84
user 117.87
sys 0.30
60 2 4 10 10 3 0.5
Command exited with non-zero status 1
real 0.53
user 0.51
sys 0.03
60 3 4 10 10 3 0.5
Command exited with non-zero status 1
real 0.47
user 0.46
sys 0.02
60 4 4 10 10 3 0.5
Command exited with non-zero status 1
real 0.08
user 0.06
sys 0.00
60 5 4 10 10 3 0.5
Command exited with non-zero status 1
real 0.03
user 0.02
sys 0.01
65 2 4 10 10 3 0.5
real 0.00
user 0.00
sys 0.01
65 3 4 10 10 3 0.5
Command exited with non-zero status 130
real 0.02
user 0.02
sys 0.00
65 4 4 10 10 3 0.5
Command exited with non-zero status 1
real 0.04
user 0.04
sys 0.00
65 5 4 10 10 3 0.5
real 0.01
user 0.00
sys 0.01
70 2 4 10 10 3 0.5
Command exited with non-zero status 1
real 0.03
user 0.02
sys 0.02
70 3 4 10 10 3 0.5
real 0.02
user 0.00
sys 0.01
70 4 4 10 10 3 0.5
Command exited with non-zero status 1
real 0.05
user 0.02
sys 0.02
70 5 4 10 10 3 0.5
real 0.01
user 0.00
sys 0.00
75 2 4 10 10 3 0.5
########
10 2 4 10 10 3 0.5
real 0.40
user 0.35
sys 0.05
10 3 4 10 10 3 0.5
real 0.58
user 0.49
sys 0.02
10 4 4 10 10 3 0.5
real 0.71
user 0.64
sys 0.04
10 5 4 10 10 3 0.5
real 0.59
user 0.52
sys 0.03
15 2 4 10 10 3 0.5
real 0.53
user 0.50
sys 0.02
15 3 4 10 10 3 0.5
real 0.61
user 0.56
sys 0.05
15 4 4 10 10 3 0.5
real 0.86
user 0.68
sys 0.04
15 5 4 10 10 3 0.5
real 0.69
user 0.63
sys 0.05
20 2 4 10 10 3 0.5
real 0.58
user 0.51
sys 0.04
20 3 4 10 10 3 0.5
real 2.02
user 1.80
sys 0.05
20 4 4 10 10 3 0.5
real 1.95
user 1.87
sys 0.09
20 5 4 10 10 3 0.5
real 1.74
user 1.68
sys 0.04
25 2 4 10 10 3 0.5
real 1.21
user 1.13
sys 0.05
25 3 4 10 10 3 0.5
real 1.78
user 1.51
sys 0.03
25 4 4 10 10 3 0.5
real 1.81
user 1.51
sys 0.09
25 5 4 10 10 3 0.5
real 3.01
user 2.82
sys 0.08
30 2 4 10 10 3 0.5
real 2.75
user 1.76
sys 0.05
30 3 4 10 10 3 0.5
real 2.08
user 1.94
sys 0.05
30 4 4 10 10 3 0.5
real 2.62
user 2.48
sys 0.04
30 5 4 10 10 3 0.5
real 5.54
user 5.06
sys 0.07
35 2 4 10 10 3 0.5
real 1.06
user 0.95
sys 0.05
35 3 4 10 10 3 0.5
real 2.45
user 2.33
sys 0.08
35 4 4 10 10 3 0.5
real 3.00
user 2.88
sys 0.06
35 5 4 10 10 3 0.5
real 4.82
user 4.74
sys 0.04
40 2 4 10 10 3 0.5
real 1.54
user 1.45
sys 0.05
40 3 4 10 10 3 0.5
real 2.76
user 2.59
sys 0.06
40 4 4 10 10 3 0.5
real 5.52
user 5.35
sys 0.07
40 5 4 10 10 3 0.5
real 9.66
user 9.36
sys 0.22
45 2 4 10 10 3 0.5
real 2.69
user 2.59
sys 0.10
45 3 4 10 10 3 0.5
real 2.57
user 2.53
sys 0.03
45 4 4 10 10 3 0.5
real 8.01
user 7.75
sys 0.25
45 5 4 10 10 3 0.5
real 10.82
user 10.23
sys 0.36
50 2 4 10 10 3 0.5
real 2.06
user 2.00
sys 0.06
50 3 4 10 10 3 0.5
real 10.01
user 9.83
sys 0.17
50 4 4 10 10 3 0.5
real 4.67
user 4.59
sys 0.08
50 5 4 10 10 3 0.5
real 13.60
user 13.22
sys 0.34
55 2 4 10 10 3 0.5
real 4.64
user 4.50
sys 0.08
55 3 4 10 10 3 0.5
real 6.93
user 6.80
sys 0.12
55 4 4 10 10 3 0.5
real 9.83
user 9.68
sys 0.14
55 5 4 10 10 3 0.5
real 10.22
user 10.02
sys 0.17
60 2 4 10 10 3 0.5
real 2.64
user 2.55
sys 0.06
60 3 4 10 10 3 0.5
real 5.49
user 5.39
sys 0.10
60 4 4 10 10 3 0.5
real 7.26
user 7.16
sys 0.06
60 5 4 10 10 3 0.5
real 14.04
user 13.72
sys 0.16
65 2 4 10 10 3 0.5
real 3.58
user 3.45
sys 0.09
65 3 4 10 10 3 0.5
real 5.89
user 5.76
sys 0.10
65 4 4 10 10 3 0.5
real 5.77
user 5.62
sys 0.09
65 5 4 10 10 3 0.5
real 11.25
user 10.98
sys 0.11
70 2 4 10 10 3 0.5
real 7.29
user 7.19
sys 0.05
70 3 4 10 10 3 0.5
real 13.60
user 13.45
sys 0.09
70 4 4 10 10 3 0.5
real 7.93
user 7.86
sys 0.08
70 5 4 10 10 3 0.5
real 17.03
user 16.72
sys 0.27
75 2 4 10 10 3 0.5
real 9.73
user 9.63
sys 0.10
75 3 4 10 10 3 0.5
real 5.47
user 5.34
sys 0.10
75 4 4 10 10 3 0.5
real 19.34
user 18.76
sys 0.15
75 5 4 10 10 3 0.5
real 15.05
user 14.86
sys 0.17
80 2 4 10 10 3 0.5
real 8.28
user 8.15
sys 0.09
80 3 4 10 10 3 0.5
real 8.93
user 8.82
sys 0.05
80 4 4 10 10 3 0.5
real 13.71
user 13.59
sys 0.07
80 5 4 10 10 3 0.5
real 17.91
user 17.58
sys 0.28
########
10 2 6 10 10 3 0.5
real 0.96
user 0.91
sys 0.06
10 3 6 10 10 3 0.5
real 1.48
user 1.41
sys 0.05
10 4 6 10 10 3 0.5
real 2.86
user 2.80
sys 0.06
10 5 6 10 10 3 0.5
real 4.40
user 4.32
sys 0.04
15 2 6 10 10 3 0.5
real 1.36
user 1.25
sys 0.09
15 3 6 10 10 3 0.5
real 2.19
user 2.13
sys 0.02
15 4 6 10 10 3 0.5
real 6.01
user 5.92
sys 0.08
15 5 6 10 10 3 0.5
real 6.53
user 6.47
sys 0.06
20 2 6 10 10 3 0.5
real 2.49
user 2.37
sys 0.10
20 3 6 10 10 3 0.5
real 4.47
user 4.39
sys 0.07
20 4 6 10 10 3 0.5
real 10.65
user 10.45
sys 0.09
20 5 6 10 10 3 0.5
real 8.47
user 8.28
sys 0.09
25 2 6 10 10 3 0.5
real 7.75
user 7.59
sys 0.04
25 3 6 10 10 3 0.5
real 4.09
user 4.03
sys 0.03
25 4 6 10 10 3 0.5
real 23.03
user 22.71
sys 0.29
25 5 6 10 10 3 0.5
real 10.01
user 9.85
sys 0.09
30 2 6 10 10 3 0.5
real 5.87
user 5.80
sys 0.04
30 3 6 10 10 3 0.5
real 12.77
user 12.63
sys 0.12
30 4 6 10 10 3 0.5
real 15.42
user 15.29
sys 0.11
30 5 6 10 10 3 0.5
real 25.98
user 25.62
sys 0.23
35 2 6 10 10 3 0.5
real 4.31
user 4.24
sys 0.07
35 3 6 10 10 3 0.5
real 8.69
user 8.48
sys 0.07
35 4 6 10 10 3 0.5
real 25.46
user 25.30
sys 0.10
35 5 6 10 10 3 0.5
real 190.07
user 187.38
sys 2.62
40 2 6 10 10 3 0.5
real 7.43
user 7.35
sys 0.06
40 3 6 10 10 3 0.5
real 27.83
user 27.20
sys 0.27
40 4 6 10 10 3 0.5
real 45.68
user 45.36
sys 0.29
40 5 6 10 10 3 0.5
real 419.29
user 407.49
sys 10.34
45 2 6 10 10 3 0.5
real 10.01
user 9.89
sys 0.12
45 3 6 10 10 3 0.5
real 50.69
user 49.77
sys 0.57
45 4 6 10 10 3 0.5
real 24.71
user 24.44
sys 0.27
45 5 6 10 10 3 0.5
real 541.45
user 534.18
sys 7.13
50 2 6 10 10 3 0.5
real 35.20
user 34.99
sys 0.14
50 3 6 10 10 3 0.5
real 32.42
user 32.14
sys 0.25
50 4 6 10 10 3 0.5
real 143.75
user 141.68
sys 1.81
50 5 6 10 10 3 0.5
real 86.09
user 85.34
sys 0.73
55 2 6 10 10 3 0.5
real 10.44
user 10.40
sys 0.04
55 3 6 10 10 3 0.5
real 20.07
user 19.83
sys 0.24
55 4 6 10 10 3 0.5
real 60.53
user 59.67
sys 0.73
55 5 6 10 10 3 0.5
real 167.12
user 164.02
sys 3.05
60 2 6 10 10 3 0.5
real 18.26
user 18.06
sys 0.15
60 3 6 10 10 3 0.5
real 51.32
user 50.99
sys 0.27
60 4 6 10 10 3 0.5
real 109.05
user 108.03
sys 1.00
60 5 6 10 10 3 0.5
real 48.20
user 47.96
sys 0.20
65 2 6 10 10 3 0.5
real 15.10
user 14.94
sys 0.14
65 3 6 10 10 3 0.5
real 89.67
user 87.59
sys 2.07
65 4 6 10 10 3 0.5
real 87.22
user 86.59
sys 0.56
65 5 6 10 10 3 0.5
real 77.62
user 77.02
sys 0.51
70 2 6 10 10 3 0.5
real 27.54
user 27.40
sys 0.14
70 3 6 10 10 3 0.5
real 85.11
user 84.55
sys 0.47
70 4 6 10 10 3 0.5
real 73.48
user 72.73
sys 0.57
70 5 6 10 10 3 0.5
real 142.31
user 138.47
sys 3.44
75 2 6 10 10 3 0.5
real 28.92
user 28.69
sys 0.13
75 3 6 10 10 3 0.5
real 138.26
user 136.56
sys 1.66
75 4 6 10 10 3 0.5
real 222.80
user 220.48
sys 2.27
75 5 6 10 10 3 0.5
real 718.90
user 706.71
sys 12.00
80 2 6 10 10 3 0.5
real 23.17
user 23.03
sys 0.07
80 3 6 10 10 3 0.5
real 55.61
user 55.33
sys 0.23
80 4 6 10 10 3 0.5
real 238.05
user 235.25
sys 2.57
80 5 6 10 10 3 0.5
real 471.22
user 461.07
sys 10.11
