10 2 0.71
10 3 0.70
10 4 0.76
10 5 0.81
15 2 1.01
15 3 1.35
15 4 1.29
15 5 0.75
20 2 4.52
20 3 1.05
20 4 1.40
20 5 4.76
25 2 2.91
25 3 2.05
25 4 7.45
25 5 1.29
30 2 3.47
30 3 3.58
30 4 2.12
30 5 2.11
35 2 14.22
35 3 3.60
35 4 15.57
35 5 6.28
40 2 4.55
40 3 14.14
40 4 18.66
40 5 13.69
45 2 94.80
45 3 34.85
45 4 7.64
45 5 84.28
50 2 37.23
50 3 25.71
50 4 23.45
50 5 126.31
55 2 9.21
55 3 10.71
55 4 29.69
55 5 9.44
60 2 19.25
60 3 20.57
60 4 31.09
60 5 8.48
65 2 46.97
65 3 32.99
65 4 24.53
65 5 42.44
70 2 92.03
70 3 2019.96
70 4 377.15
70 5 29.02
75 2 10.97
75 3 69.48
75 4 516.06
75 5 57.37
80 2 67.88
80 3 83.79
80 4 41.20
80 5 427.13
