10 2 4 10 10 3 0.5
real 0.75
user 0.71
sys 0.04
10 3 4 10 10 3 0.5
real 0.75
user 0.70
sys 0.07
10 4 4 10 10 3 0.5
real 0.81
user 0.76
sys 0.05
10 5 4 10 10 3 0.5
real 1.13
user 0.81
sys 0.02
15 2 4 10 10 3 0.5
real 1.08
user 1.01
sys 0.04
15 3 4 10 10 3 0.5
real 1.38
user 1.35
sys 0.04
15 4 4 10 10 3 0.5
real 1.35
user 1.29
sys 0.04
15 5 4 10 10 3 0.5
real 0.81
user 0.75
sys 0.05
20 2 4 10 10 3 0.5
real 4.50
user 4.52
sys 0.09
20 3 4 10 10 3 0.5
real 1.08
user 1.05
sys 0.03
20 4 4 10 10 3 0.5
real 1.48
user 1.40
sys 0.07
20 5 4 10 10 3 0.5
real 4.67
user 4.76
sys 0.03
25 2 4 10 10 3 0.5
real 2.98
user 2.91
sys 0.07
25 3 4 10 10 3 0.5
real 2.12
user 2.05
sys 0.06
25 4 4 10 10 3 0.5
real 7.23
user 7.45
sys 0.09
25 5 4 10 10 3 0.5
real 1.38
user 1.29
sys 0.10
30 2 4 10 10 3 0.5
real 3.49
user 3.47
sys 0.15
30 3 4 10 10 3 0.5
real 3.59
user 3.58
sys 0.05
30 4 4 10 10 3 0.5
real 2.43
user 2.12
sys 0.02
30 5 4 10 10 3 0.5
real 2.15
user 2.11
sys 0.06
35 2 4 10 10 3 0.5
real 13.23
user 14.22
sys 0.10
35 3 4 10 10 3 0.5
real 3.68
user 3.60
sys 0.09
35 4 4 10 10 3 0.5
real 15.13
user 15.57
sys 0.20
35 5 4 10 10 3 0.5
real 6.06
user 6.28
sys 0.08
40 2 4 10 10 3 0.5
real 4.61
user 4.55
sys 0.11
40 3 4 10 10 3 0.5
real 13.27
user 14.14
sys 0.15
40 4 4 10 10 3 0.5
real 17.29
user 18.66
sys 0.09
40 5 4 10 10 3 0.5
real 13.59
user 13.69
sys 0.14
45 2 4 10 10 3 0.5
real 0.14
user 0.13
sys 0.01
45 3 4 10 10 3 0.5
real 0.14
user 0.12
sys 0.01
45 4 4 10 10 3 0.5
real 0.14
user 0.11
sys 0.05
45 5 4 10 10 3 0.5
real 0.16
user 0.13
sys 0.04
50 2 4 10 10 3 0.5
real 0.13
user 0.09
sys 0.02
50 3 4 10 10 3 0.5
real 0.17
user 0.11
sys 0.03
50 4 4 10 10 3 0.5
real 0.15
user 0.13
sys 0.00
50 5 4 10 10 3 0.5
real 0.34
user 0.25
sys 0.08
55 2 4 10 10 3 0.5
real 0.14
user 0.13
sys 0.02
55 3 4 10 10 3 0.5
real 0.17
user 0.11
sys 0.03
55 4 4 10 10 3 0.5
real 0.13
user 0.11
sys 0.02
55 5 4 10 10 3 0.5
real 0.15
user 0.12
sys 0.04
60 2 4 10 10 3 0.5
real 0.16
user 0.10
sys 0.02
60 3 4 10 10 3 0.5
real 0.15
user 0.12
sys 0.04
60 4 4 10 10 3 0.5
real 0.13
user 0.12
sys 0.01
60 5 4 10 10 3 0.5
real 0.14
user 0.08
sys 0.07
65 2 4 10 10 3 0.5
real 0.15
user 0.11
sys 0.05
65 3 4 10 10 3 0.5
real 0.14
user 0.13
sys 0.02
65 4 4 10 10 3 0.5
real 0.14
user 0.11
sys 0.02
65 5 4 10 10 3 0.5
real 0.14
user 0.09
sys 0.00
70 2 4 10 10 3 0.5
real 0.15
user 0.12
sys 0.02
70 3 4 10 10 3 0.5
Command exited with non-zero status 1
real 0.14
user 0.11
sys 0.04
70 4 4 10 10 3 0.5
real 0.15
user 0.12
sys 0.03
70 5 4 10 10 3 0.5
real 0.13
user 0.11
sys 0.03
75 2 4 10 10 3 0.5
real 0.14
user 0.09
sys 0.03
75 3 4 10 10 3 0.5
real 0.16
user 0.10
sys 0.02
75 4 4 10 10 3 0.5
Command exited with non-zero status 1
real 0.07
user 0.03
sys 0.02
75 5 4 10 10 3 0.5
real 0.16
user 0.11
sys 0.02
80 2 4 10 10 3 0.5
real 0.17
user 0.12
sys 0.02
80 3 4 10 10 3 0.5
real 0.14
user 0.10
sys 0.03
80 4 4 10 10 3 0.5
real 0.15
user 0.10
sys 0.05
80 5 4 10 10 3 0.5
45 2 4 10 10 3 0.5
real 90.29
user 94.80
sys 0.17
45 3 4 10 10 3 0.5
real 33.99
user 34.85
sys 0.18
45 4 4 10 10 3 0.5
real 7.52
user 7.64
sys 0.09
45 5 4 10 10 3 0.5
real 78.98
user 84.28
sys 0.26
50 2 4 10 10 3 0.5
real 34.64
user 37.23
sys 0.20
50 3 4 10 10 3 0.5
real 24.25
user 25.71
sys 0.14
50 4 4 10 10 3 0.5
real 22.42
user 23.45
sys 0.20
50 5 4 10 10 3 0.5
real 118.68
user 126.31
sys 0.38
55 2 4 10 10 3 0.5
real 9.26
user 9.21
sys 0.04
55 3 4 10 10 3 0.5
real 10.48
user 10.71
sys 0.12
55 4 4 10 10 3 0.5
real 28.52
user 29.69
sys 0.33
55 5 4 10 10 3 0.5
real 10.11
user 9.44
sys 0.16
60 2 4 10 10 3 0.5
real 18.93
user 19.25
sys 0.17
60 3 4 10 10 3 0.5
real 20.94
user 20.57
sys 0.20
60 4 4 10 10 3 0.5
real 30.90
user 31.09
sys 0.32
60 5 4 10 10 3 0.5
real 8.65
user 8.48
sys 0.07
65 2 4 10 10 3 0.5
real 49.04
user 46.97
sys 0.28
65 3 4 10 10 3 0.5
real 31.24
user 32.99
sys 0.22
65 4 4 10 10 3 0.5
real 22.67
user 24.53
sys 0.17
65 5 4 10 10 3 0.5
real 39.49
user 42.44
sys 0.23
70 2 4 10 10 3 0.5
real 83.74
user 92.03
sys 0.36
70 3 4 10 10 3 0.5
real 1761.98
user 2019.96
sys 3.39
70 4 4 10 10 3 0.5
real 342.64
user 377.15
sys 1.48
70 5 4 10 10 3 0.5
real 28.36
user 29.02
sys 0.15
75 2 4 10 10 3 0.5
real 11.15
user 10.97
sys 0.06
75 3 4 10 10 3 0.5
real 63.46
user 69.48
sys 0.30
75 4 4 10 10 3 0.5
real 457.47
user 516.06
sys 1.40
75 5 4 10 10 3 0.5
real 54.81
user 57.37
sys 0.29
80 2 4 10 10 3 0.5
real 59.99
user 67.88
sys 0.28
80 3 4 10 10 3 0.5
real 75.68
user 83.79
sys 0.32
80 4 4 10 10 3 0.5
real 39.30
user 41.20
sys 0.29
80 5 4 10 10 3 0.5
real 376.78
user 427.13
sys 1.68
